<?xml version="1.0" encoding="UTF-8"?>
<!-- Generated by org.testng.reporters.JUnitReportReporter -->
<testsuite skipped="0" hostname="DESKTOP-5OPVGRK" name="testObject.homepageTest" tests="3" failures="0" timestamp="03 Oct 2019 17:13:33 GMT" time="5.297" errors="0">
  <testcase name="Contact" time="2.687" classname="testObject.homepageTest"/>
  <testcase name="fillcontact" time="2.510" classname="testObject.homepageTest"/>
  <testcase name="successmsg" time="0.100" classname="testObject.homepageTest"/>
</testsuite> <!-- testObject.homepageTest -->
